ARM GAS  C:\Users\Sansar\AppData\Local\Temp\ccEPQ5kh.s 			page 1


   1              		.cpu cortex-m0plus
   2              		.arch armv6s-m
   3              		.fpu softvfp
   4              		.eabi_attribute 20, 1
   5              		.eabi_attribute 21, 1
   6              		.eabi_attribute 23, 3
   7              		.eabi_attribute 24, 1
   8              		.eabi_attribute 25, 1
   9              		.eabi_attribute 26, 1
  10              		.eabi_attribute 30, 4
  11              		.eabi_attribute 34, 0
  12              		.eabi_attribute 18, 4
  13              		.file	"pwm.c"
  14              		.text
  15              		.section	.text.delay,"ax",%progbits
  16              		.align	1
  17              		.global	delay
  18              		.syntax unified
  19              		.code	16
  20              		.thumb_func
  22              	delay:
  23              		@ args = 0, pretend = 0, frame = 0
  24              		@ frame_needed = 0, uses_anonymous_args = 0
  25              		@ link register save eliminated.
  26              		@ sp needed
  27 0000 7047     		bx	lr
  29              		.section	.text.ButtonRead,"ax",%progbits
  30              		.align	1
  31              		.global	ButtonRead
  32              		.syntax unified
  33              		.code	16
  34              		.thumb_func
  36              	ButtonRead:
  37              		@ args = 0, pretend = 0, frame = 0
  38              		@ frame_needed = 0, uses_anonymous_args = 0
  39              		@ link register save eliminated.
  40 0000 A023     		movs	r3, #160
  41 0002 1B06     		lsls	r3, r3, #24
  42 0004 DA7C     		ldrb	r2, [r3, #19]
  43 0006 002A     		cmp	r2, #0
  44 0008 04D0     		beq	.L3
  45              	.L4:
  46 000a DA7C     		ldrb	r2, [r3, #19]
  47 000c 002A     		cmp	r2, #0
  48 000e FCD1     		bne	.L4
  49 0010 0120     		movs	r0, #1
  50              	.L2:
  51              		@ sp needed
  52 0012 7047     		bx	lr
  53              	.L3:
  54 0014 1A7D     		ldrb	r2, [r3, #20]
  55 0016 D0B2     		uxtb	r0, r2
  56 0018 002A     		cmp	r2, #0
  57 001a 04D0     		beq	.L6
  58              	.L7:
  59 001c 1A7D     		ldrb	r2, [r3, #20]
  60 001e 002A     		cmp	r2, #0
ARM GAS  C:\Users\Sansar\AppData\Local\Temp\ccEPQ5kh.s 			page 2


  61 0020 FCD1     		bne	.L7
  62 0022 0220     		movs	r0, #2
  63 0024 F5E7     		b	.L2
  64              	.L6:
  65 0026 9A7C     		ldrb	r2, [r3, #18]
  66 0028 002A     		cmp	r2, #0
  67 002a F2D0     		beq	.L2
  68              	.L8:
  69 002c 9A7C     		ldrb	r2, [r3, #18]
  70 002e 002A     		cmp	r2, #0
  71 0030 FCD1     		bne	.L8
  72 0032 0320     		movs	r0, #3
  73 0034 EDE7     		b	.L2
  75              		.section	.text.startup.main,"ax",%progbits
  76              		.align	1
  77              		.global	main
  78              		.syntax unified
  79              		.code	16
  80              		.thumb_func
  82              	main:
  83              		@ args = 0, pretend = 0, frame = 48
  84              		@ frame_needed = 0, uses_anonymous_args = 0
  85 0000 F0B5     		push	{r4, r5, r6, r7, lr}
  86 0002 8024     		movs	r4, #128
  87 0004 8FB0     		sub	sp, sp, #60
  88 0006 FFF7FEFF 		bl	BOARD_InitBootPins
  89 000a FFF7FEFF 		bl	BOARD_InitBootClocks
  90 000e 634A     		ldr	r2, .L51
  91 0010 6400     		lsls	r4, r4, #1
  92 0012 D36F     		ldr	r3, [r2, #124]
  93 0014 0320     		movs	r0, #3
  94 0016 2343     		orrs	r3, r4
  95 0018 D367     		str	r3, [r2, #124]
  96 001a FFF7FEFF 		bl	CLOCK_GetFreq
  97 001e 0F25     		movs	r5, #15
  98 0020 5F4E     		ldr	r6, .L51+4
  99 0022 0700     		movs	r7, r0
 100 0024 0BA8     		add	r0, sp, #44
 101 0026 FFF7FEFF 		bl	SCTIMER_GetDefaultConfig
 102 002a 3000     		movs	r0, r6
 103 002c 0BA9     		add	r1, sp, #44
 104 002e FFF7FEFF 		bl	SCTIMER_Init
 105 0032 02AB     		add	r3, sp, #8
 106 0034 9C81     		strh	r4, [r3, #12]
 107 0036 9D73     		strb	r5, [r3, #14]
 108 0038 08AB     		add	r3, sp, #32
 109 003a 0193     		str	r3, [sp, #4]
 110 003c FA23     		movs	r3, #250
 111 003e 0122     		movs	r2, #1
 112 0040 3000     		movs	r0, r6
 113 0042 0097     		str	r7, [sp]
 114 0044 9B00     		lsls	r3, r3, #2
 115 0046 05A9     		add	r1, sp, #20
 116 0048 FFF7FEFF 		bl	SCTIMER_SetupPwm
 117 004c 0223     		movs	r3, #2
 118 004e 0024     		movs	r4, #0
 119 0050 02AA     		add	r2, sp, #8
ARM GAS  C:\Users\Sansar\AppData\Local\Temp\ccEPQ5kh.s 			page 3


 120 0052 FF33     		adds	r3, r3, #255
 121 0054 1382     		strh	r3, [r2, #16]
 122 0056 09AB     		add	r3, sp, #36
 123 0058 9474     		strb	r4, [r2, #18]
 124 005a 0193     		str	r3, [sp, #4]
 125 005c FA23     		movs	r3, #250
 126 005e 0122     		movs	r2, #1
 127 0060 3000     		movs	r0, r6
 128 0062 0097     		str	r7, [sp]
 129 0064 9B00     		lsls	r3, r3, #2
 130 0066 06A9     		add	r1, sp, #24
 131 0068 FFF7FEFF 		bl	SCTIMER_SetupPwm
 132 006c 8123     		movs	r3, #129
 133 006e 02AA     		add	r2, sp, #8
 134 0070 5B00     		lsls	r3, r3, #1
 135 0072 9382     		strh	r3, [r2, #20]
 136 0074 0AAB     		add	r3, sp, #40
 137 0076 9475     		strb	r4, [r2, #22]
 138 0078 0193     		str	r3, [sp, #4]
 139 007a FA23     		movs	r3, #250
 140 007c 0122     		movs	r2, #1
 141 007e 3000     		movs	r0, r6
 142 0080 0097     		str	r7, [sp]
 143 0082 9B00     		lsls	r3, r3, #2
 144 0084 07A9     		add	r1, sp, #28
 145 0086 FFF7FEFF 		bl	SCTIMER_SetupPwm
 146 008a 0422     		movs	r2, #4
 147 008c 7368     		ldr	r3, [r6, #4]
 148 008e 2F00     		movs	r7, r5
 149 0090 9343     		bics	r3, r2
 150 0092 7360     		str	r3, [r6, #4]
 151 0094 2E00     		movs	r6, r5
 152              	.L21:
 153 0096 0394     		str	r4, [sp, #12]
 154              	.L16:
 155 0098 FFF7FEFF 		bl	ButtonRead
 156 009c 041E     		subs	r4, r0, #0
 157 009e FBD0     		beq	.L16
 158 00a0 039B     		ldr	r3, [sp, #12]
 159 00a2 0328     		cmp	r0, #3
 160 00a4 26D1     		bne	.L17
 161 00a6 002B     		cmp	r3, #0
 162 00a8 50D0     		beq	.L18
 163 00aa 012B     		cmp	r3, #1
 164 00ac 28D1     		bne	.L20
 165              	.L19:
 166 00ae 0022     		movs	r2, #0
 167 00b0 089B     		ldr	r3, [sp, #32]
 168 00b2 1100     		movs	r1, r2
 169 00b4 3A48     		ldr	r0, .L51+4
 170 00b6 FFF7FEFF 		bl	SCTIMER_UpdatePwmDutycycle
 171 00ba 0022     		movs	r2, #0
 172 00bc 0121     		movs	r1, #1
 173 00be 099B     		ldr	r3, [sp, #36]
 174 00c0 3748     		ldr	r0, .L51+4
 175 00c2 FFF7FEFF 		bl	SCTIMER_UpdatePwmDutycycle
 176 00c6 0221     		movs	r1, #2
ARM GAS  C:\Users\Sansar\AppData\Local\Temp\ccEPQ5kh.s 			page 4


 177 00c8 0A9B     		ldr	r3, [sp, #40]
 178 00ca 3548     		ldr	r0, .L51+4
 179 00cc EAB2     		uxtb	r2, r5
 180 00ce FFF7FEFF 		bl	SCTIMER_UpdatePwmDutycycle
 181 00d2 012C     		cmp	r4, #1
 182 00d4 5BD1     		bne	.L24
 183 00d6 0134     		adds	r4, r4, #1
 184 00d8 3B2D     		cmp	r5, #59
 185 00da DCD8     		bhi	.L21
 186 00dc 0535     		adds	r5, r5, #5
 187              	.L49:
 188 00de 0A9B     		ldr	r3, [sp, #40]
 189 00e0 EAB2     		uxtb	r2, r5
 190 00e2 27E0     		b	.L48
 191              	.L25:
 192 00e4 039C     		ldr	r4, [sp, #12]
 193 00e6 D6E7     		b	.L21
 194              	.L27:
 195 00e8 0024     		movs	r4, #0
 196 00ea D4E7     		b	.L21
 197              	.L29:
 198 00ec 0124     		movs	r4, #1
 199 00ee D2E7     		b	.L21
 200              	.L32:
 201 00f0 0224     		movs	r4, #2
 202 00f2 D0E7     		b	.L21
 203              	.L17:
 204 00f4 012B     		cmp	r3, #1
 205 00f6 29D0     		beq	.L18
 206 00f8 022B     		cmp	r3, #2
 207 00fa D8D0     		beq	.L19
 208 00fc 002B     		cmp	r3, #0
 209 00fe F1D1     		bne	.L25
 210              	.L20:
 211 0100 0021     		movs	r1, #0
 212 0102 089B     		ldr	r3, [sp, #32]
 213 0104 2648     		ldr	r0, .L51+4
 214 0106 F2B2     		uxtb	r2, r6
 215 0108 FFF7FEFF 		bl	SCTIMER_UpdatePwmDutycycle
 216 010c 0022     		movs	r2, #0
 217 010e 0121     		movs	r1, #1
 218 0110 099B     		ldr	r3, [sp, #36]
 219 0112 2348     		ldr	r0, .L51+4
 220 0114 FFF7FEFF 		bl	SCTIMER_UpdatePwmDutycycle
 221 0118 0022     		movs	r2, #0
 222 011a 0221     		movs	r1, #2
 223 011c 0A9B     		ldr	r3, [sp, #40]
 224 011e 2048     		ldr	r0, .L51+4
 225 0120 FFF7FEFF 		bl	SCTIMER_UpdatePwmDutycycle
 226 0124 012C     		cmp	r4, #1
 227 0126 0AD1     		bne	.L22
 228 0128 0024     		movs	r4, #0
 229 012a 3B2E     		cmp	r6, #59
 230 012c B3D8     		bhi	.L21
 231 012e 0536     		adds	r6, r6, #5
 232              	.L47:
 233 0130 089B     		ldr	r3, [sp, #32]
ARM GAS  C:\Users\Sansar\AppData\Local\Temp\ccEPQ5kh.s 			page 5


 234 0132 F2B2     		uxtb	r2, r6
 235              	.L48:
 236 0134 2100     		movs	r1, r4
 237 0136 1A48     		ldr	r0, .L51+4
 238 0138 FFF7FEFF 		bl	SCTIMER_UpdatePwmDutycycle
 239 013c ABE7     		b	.L21
 240              	.L22:
 241 013e 022C     		cmp	r4, #2
 242 0140 D2D1     		bne	.L27
 243 0142 0024     		movs	r4, #0
 244 0144 052E     		cmp	r6, #5
 245 0146 A6D9     		bls	.L21
 246 0148 053E     		subs	r6, r6, #5
 247 014a F1E7     		b	.L47
 248              	.L18:
 249 014c 0022     		movs	r2, #0
 250 014e 089B     		ldr	r3, [sp, #32]
 251 0150 1100     		movs	r1, r2
 252 0152 1348     		ldr	r0, .L51+4
 253 0154 FFF7FEFF 		bl	SCTIMER_UpdatePwmDutycycle
 254 0158 0121     		movs	r1, #1
 255 015a 099B     		ldr	r3, [sp, #36]
 256 015c 1048     		ldr	r0, .L51+4
 257 015e FAB2     		uxtb	r2, r7
 258 0160 FFF7FEFF 		bl	SCTIMER_UpdatePwmDutycycle
 259 0164 0022     		movs	r2, #0
 260 0166 0221     		movs	r1, #2
 261 0168 0A9B     		ldr	r3, [sp, #40]
 262 016a 0D48     		ldr	r0, .L51+4
 263 016c FFF7FEFF 		bl	SCTIMER_UpdatePwmDutycycle
 264 0170 012C     		cmp	r4, #1
 265 0172 05D1     		bne	.L23
 266 0174 3B2F     		cmp	r7, #59
 267 0176 8ED8     		bhi	.L21
 268 0178 0537     		adds	r7, r7, #5
 269              	.L50:
 270 017a 099B     		ldr	r3, [sp, #36]
 271 017c FAB2     		uxtb	r2, r7
 272 017e D9E7     		b	.L48
 273              	.L23:
 274 0180 022C     		cmp	r4, #2
 275 0182 B3D1     		bne	.L29
 276 0184 013C     		subs	r4, r4, #1
 277 0186 052F     		cmp	r7, #5
 278 0188 85D9     		bls	.L21
 279 018a 053F     		subs	r7, r7, #5
 280 018c F5E7     		b	.L50
 281              	.L24:
 282 018e 022C     		cmp	r4, #2
 283 0190 AED1     		bne	.L32
 284 0192 052D     		cmp	r5, #5
 285 0194 00D8     		bhi	.LCB296
 286 0196 7EE7     		b	.L21	@long jump
 287              	.LCB296:
 288 0198 053D     		subs	r5, r5, #5
 289 019a A0E7     		b	.L49
 290              	.L52:
ARM GAS  C:\Users\Sansar\AppData\Local\Temp\ccEPQ5kh.s 			page 6


 291              		.align	2
 292              	.L51:
 293 019c 04800440 		.word	1074036740
 294 01a0 00400050 		.word	1342193664
 296              		.ident	"GCC: (Arm GNU Toolchain 12.3.Rel1 (Build arm-12.35)) 12.3.1 20230626"
ARM GAS  C:\Users\Sansar\AppData\Local\Temp\ccEPQ5kh.s 			page 7


DEFINED SYMBOLS
                            *ABS*:00000000 pwm.c
C:\Users\Sansar\AppData\Local\Temp\ccEPQ5kh.s:16     .text.delay:00000000 $t
C:\Users\Sansar\AppData\Local\Temp\ccEPQ5kh.s:22     .text.delay:00000000 delay
C:\Users\Sansar\AppData\Local\Temp\ccEPQ5kh.s:30     .text.ButtonRead:00000000 $t
C:\Users\Sansar\AppData\Local\Temp\ccEPQ5kh.s:36     .text.ButtonRead:00000000 ButtonRead
C:\Users\Sansar\AppData\Local\Temp\ccEPQ5kh.s:76     .text.startup.main:00000000 $t
C:\Users\Sansar\AppData\Local\Temp\ccEPQ5kh.s:82     .text.startup.main:00000000 main
C:\Users\Sansar\AppData\Local\Temp\ccEPQ5kh.s:293    .text.startup.main:0000019c $d

UNDEFINED SYMBOLS
BOARD_InitBootPins
BOARD_InitBootClocks
CLOCK_GetFreq
SCTIMER_GetDefaultConfig
SCTIMER_Init
SCTIMER_SetupPwm
SCTIMER_UpdatePwmDutycycle
